<?xml version="1.0" encoding="UTF-8"?>
<!-- Generated by org.testng.reporters.JUnitReportReporter -->
<testsuite hostname="AnshulPC" failures="0" tests="1" name="Testing.registeringUser" time="13.573" errors="0" timestamp="2023-09-09T15:19:05 IST" skipped="0">
  <testcase classname="Testing.registeringUser" name="browserNavigation" time="13.573"/>
  <system-out/>
</testsuite> <!-- Testing.registeringUser -->
