<?xml version="1.0" encoding="UTF-8"?>
<!-- Generated by org.testng.reporters.JUnitReportReporter -->
<testsuite hostname="AnshulPC" failures="0" tests="1" name="dataProvider.APICalls" time="4.565" errors="0" timestamp="2023-09-16T16:32:59 IST" skipped="0">
  <testcase classname="dataProvider.APICalls" name="tokens" time="4.565"/>
  <system-out/>
</testsuite> <!-- dataProvider.APICalls -->
