<?xml version="1.0" encoding="UTF-8"?>
<!-- Generated by org.testng.reporters.JUnitReportReporter -->
<testsuite hostname="AnshulPC" failures="0" tests="1" name="dataProvider.CreateOrder" time="12.824" errors="0" timestamp="2023-09-17T23:36:55 IST" skipped="0">
  <testcase classname="dataProvider.CreateOrder" name="CreateOrderForProduct" time="12.824"/>
  <system-out/>
</testsuite> <!-- dataProvider.CreateOrder -->
