<?xml version="1.0" encoding="UTF-8"?>
<!-- Generated by org.testng.reporters.JUnitReportReporter -->
<testsuite hostname="AnshulPC" failures="0" tests="2" name="dataProvider.RegisterTest" time="12.964" errors="0" timestamp="2023-09-24T21:10:28 IST" skipped="0">
  <testcase classname="dataProvider.RegisterTest" name="EnterUserDetails" time="2.491"/>
  <system-out/>
  <testcase classname="dataProvider.RegisterTest" name="userRegistration" time="10.473"/>
  <system-out/>
</testsuite> <!-- dataProvider.RegisterTest -->
