<?xml version="1.0" encoding="UTF-8"?>
<!-- Generated by org.testng.reporters.JUnitReportReporter -->
<testsuite hostname="AnshulPC" failures="0" tests="1" name="dataProvider.APICallsForCreatingProduct" time="8.965" errors="0" timestamp="2023-09-17T17:07:47 IST" skipped="0">
  <testcase classname="dataProvider.APICallsForCreatingProduct" name="createProduct" time="8.965"/>
  <system-out/>
</testsuite> <!-- dataProvider.APICallsForCreatingProduct -->
