<?xml version="1.0" encoding="UTF-8"?>
<!-- Generated by org.testng.reporters.JUnitReportReporter -->
<testsuite hostname="AnshulPC" failures="0" tests="1" name="mainMethods.resgisterUserPage" time="7.619" errors="0" timestamp="2023-09-11T13:33:22 IST" skipped="0">
  <testcase classname="mainMethods.resgisterUserPage" name="regsiterUserflow" time="7.619"/>
  <system-out/>
</testsuite> <!-- mainMethods.resgisterUserPage -->
