<?xml version="1.0" encoding="UTF-8"?>
<!-- Generated by org.testng.reporters.JUnitReportReporter -->
<testsuite hostname="AnshulPC" failures="0" tests="1" name="dataProvider.DeleteCalls" time="13.023" errors="0" timestamp="2023-09-24T21:10:28 IST" skipped="0">
  <testcase classname="dataProvider.DeleteCalls" name="DeleteProduct" time="13.023"/>
  <system-out/>
</testsuite> <!-- dataProvider.DeleteCalls -->
