<?xml version="1.0" encoding="UTF-8"?>
<!-- Generated by org.testng.reporters.JUnitReportReporter -->
<testsuite hostname="AnshulPC" failures="0" tests="1" name="Testing.LoginsandNavigations" time="14.490" errors="0" timestamp="2023-09-09T18:12:32 IST" skipped="0">
  <testcase classname="Testing.LoginsandNavigations" name="browserNavigation" time="14.490"/>
  <system-out/>
</testsuite> <!-- Testing.LoginsandNavigations -->
